<?xml version="1.0" encoding="UTF-8"?>
<!-- Generated by org.testng.reporters.JUnitReportReporter -->
<testsuite hostname="MOT-32333-L" failures="0" tests="2" name="stepDefs.GetQSD" time="130.916" errors="0" timestamp="2025-09-18T13:10:32 IST" skipped="0">
  <testcase classname="stepDefs.GetQSD" name="runScenario" time="102.286"/>
  <testcase classname="stepDefs.GetQSD" name="runScenario" time="28.630"/>
</testsuite> <!-- stepDefs.GetQSD -->
