<?xml version="1.0" encoding="UTF-8"?>
<!-- Generated by org.testng.reporters.JUnitReportReporter -->
<testsuite hostname="MOT-32333-L" failures="0" tests="1" name="nadeem.serverdrivertest" time="15.008" errors="0" timestamp="2025-09-22T12:25:09 IST" skipped="0">
  <testcase classname="nadeem.serverdrivertest" name="f" time="15.008"/>
</testsuite> <!-- nadeem.serverdrivertest -->
