<?xml version="1.0" encoding="UTF-8"?>
<!-- Generated by org.testng.reporters.JUnitReportReporter -->
<testsuite hostname="MOT-32333-L" failures="0" tests="1" name="nadeem.demotest" time="5.275" errors="0" timestamp="2025-09-10T10:39:29 IST" skipped="0">
  <testcase classname="nadeem.demotest" name="sampletest" time="5.275"/>
</testsuite> <!-- nadeem.demotest -->
